Arguments: 
  /home/brandon/.nvm/versions/node/v16.1.0/bin/node /mnt/c/Program Files/nodejs/node_modules/yarn/bin/yarn.js add -D typescript @typescrupt-eslint/parser @typescript-eslint/eslint-plugin eslint eslint-plugin-import eslint-plugin-react eslint-plugin-react-hooks prettier

PATH: 
  /home/brandon/.yarn/bin:/home/brandon/bin:/home/brandon/.nvm/versions/node/v16.1.0/bin:/usr/local/sbin:/usr/local/bin:/usr/sbin:/usr/bin:/sbin:/bin:/usr/games:/usr/local/games:/mnt/c/Program Files/Common Files/Oracle/Java/javapath:/mnt/c/Program Files (x86)/VMware/VMware Workstation/bin/:/mnt/c/Python39/Scripts/:/mnt/c/Python39/:/mnt/c/Program Files (x86)/Common Files/Oracle/Java/javapath:/mnt/c/WINDOWS/system32:/mnt/c/WINDOWS:/mnt/c/WINDOWS/System32/Wbem:/mnt/c/WINDOWS/System32/WindowsPowerShell/v1.0/:/mnt/c/WINDOWS/System32/OpenSSH/:/mnt/c/ProgramData/chocolatey/bin:/mnt/c/Program Files (x86)/Bluetooth Command Line Tools/bin:/mnt/c/Program Files/Git/cmd:/mnt/c/Program Files/Docker/Docker/resources/bin:/mnt/c/ProgramData/DockerDesktop/version-bin:/mnt/c/Users/Brandon Tsang/AppData/Roaming/nvm:/mnt/c/Program Files/nodejs:/mnt/c/Users/Brandon Tsang/AppData/Local/Microsoft/WindowsApps:/mnt/c/Users/Brandon Tsang/AppData/Roaming/npm:/mnt/c/Users/Brandon Tsang/AppData/Local/Programs/Microsoft VS Code/bin:/mnt/c/Users/Brandon Tsang/AppData/Local/gitkraken/bin:/mnt/c/Users/Brandon Tsang/AppData/Roaming/nvm:/mnt/c/Program Files/nodejs

Yarn version: 
  1.22.10

Node version: 
  16.1.0

Platform: 
  linux x64

Trace: 
  Error: https://registry.npmjs.org/@typescrupt-eslint%2fparser: Not found
      at Request.params.callback [as _callback] (/mnt/c/Users/BRANDO~1/AppData/Roaming/nvm/v16.1.0/node_modules/yarn/lib/cli.js:66988:18)
      at Request.self.callback (/mnt/c/Users/BRANDO~1/AppData/Roaming/nvm/v16.1.0/node_modules/yarn/lib/cli.js:140662:22)
      at Request.emit (node:events:365:28)
      at Request.<anonymous> (/mnt/c/Users/BRANDO~1/AppData/Roaming/nvm/v16.1.0/node_modules/yarn/lib/cli.js:141634:10)
      at Request.emit (node:events:365:28)
      at IncomingMessage.<anonymous> (/mnt/c/Users/BRANDO~1/AppData/Roaming/nvm/v16.1.0/node_modules/yarn/lib/cli.js:141556:12)
      at Object.onceWrapper (node:events:471:28)
      at IncomingMessage.emit (node:events:377:35)
      at endReadableNT (node:internal/streams/readable:1312:12)
      at processTicksAndRejections (node:internal/process/task_queues:83:21)

npm manifest: 
  {
    "name": "react-operator",
    "version": "0.1.0",
    "main": "index.js",
    "license": "MIT"
  }

yarn manifest: 
  No manifest

Lockfile: 
  No lockfile
